{"level":"info","message":"render data at 5.10 AM"}
{"level":"info","message":"Data Get at 3.10 AM"}
{"level":"info","message":"Data saved to database at 3.30 AM"}
{"level":"info","message":"Data saved to database at 3.30 AM"}
{"level":"info","message":"Data Get at 3.10 AM"}
{"level":"info","message":"Data saved to database at 3.30 AM"}
{"level":"info","message":"render data at 4.10 AM"}
{"level":"info","message":"Data Get at 3.10 AM"}
{"level":"info","message":"Data saved to database at 3.30 AM"}
{"level":"info","message":"render data at 4.10 AM"}
{"level":"info","message":"Data Get at 5.10 AM"}
{"level":"info","message":"Data saved to database at 5.30 AM"}
{"level":"info","message":"Data Get at 10:10 PM"}
{"level":"info","message":"Data Save at 10:13 PM"}
{"level":"info","message":"Check Desa NDL at 22/07/2022"}
{"level":"info","message":"Data Get at 5.10 AM"}
{"level":"info","message":"Data Get at 10:10 PM"}
{"level":"info","message":"Data Save at 10:13 PM"}
{"level":"info","message":"Check Desa NDL at 23/07/2022"}
{"level":"info","message":"Data Get at 5.10 AM"}
{"level":"info","message":"Data saved to database at 5.30 AM"}
{"level":"info","message":"Data Get at 10:10 PM"}
{"level":"info","message":"Data Save at 10:13 PM"}
{"level":"info","message":"Check Desa NDL at 25/07/2022"}
{"level":"info","message":"Check Internet at 26/07/2022"}
{"level":"info","message":"Check Internet at 26/07/2022"}
{"level":"info","message":"Check Internet at 26/07/2022"}
{"level":"info","message":"Data Get at 10:10 PM"}
{"level":"info","message":"Data Save at 10:13 PM"}
{"level":"info","message":"Check Desa NDL at 26/07/2022"}
{"level":"info","message":"Check Internet at 27/07/2022"}
{"level":"info","message":"Check Internet at 27/07/2022"}
{"level":"info","message":"Data Get at 5.10 AM"}
{"level":"info","message":"Data saved to database at 5.30 AM"}
{"level":"info","message":"Check Internet at 27/07/2022"}
{"level":"info","message":"Check Internet at 7/27/2022"}
{"level":"info","message":"Check Internet at Wed Jul 27 2022 20:00:00 GMT+0800 (Singapore Standard Time)"}
{"level":"info","message":"Data Get at Wed Jul 27 2022 22:10:00 GMT+0800 (Singapore Standard Time)"}
{"level":"info","message":"Data Save at Wed Jul 27 2022 22:13:00 GMT+0800 (Singapore Standard Time)"}
{"level":"info","message":"Check Desa NDL at Wed Jul 27 2022 22:30:00 GMT+0800 (Singapore Standard Time)"}
{"level":"info","message":"Check Internet at Thu Jul 28 2022 00:00:00 GMT+0800 (Singapore Standard Time)"}
{"level":"info","message":"Check Internet at Thu Jul 28 2022 04:00:00 GMT+0800 (Singapore Standard Time)"}
{"level":"info","message":"Data Get at Thu Jul 28 2022 05:10:00 GMT+0800 (Singapore Standard Time)"}
{"level":"info","message":"Data saved to database at Thu Jul 28 2022 05:30:00 GMT+0800 (Singapore Standard Time)"}
{"level":"info","message":"render data at Thu Jul 28 2022 07:35:00 GMT+0800 (Singapore Standard Time)"}
{"level":"info","message":"Lapor desa ndl data at Thu Jul 28 2022 07:35:00 GMT+0800 (Singapore Standard Time)"}
{"level":"info","message":"Check Internet at Thu Jul 28 2022 08:00:00 GMT+0800 (Singapore Standard Time)"}
{"level":"info","message":"render data at Thu Jul 28 2022 09:47:00 GMT+0800 (Singapore Standard Time)"}
{"level":"info","message":"Lapor desa ndl data at Thu Jul 28 2022 09:47:00 GMT+0800 (Singapore Standard Time)"}
{"level":"info","message":"Check Internet at Thu Jul 28 2022 12:00:00 GMT+0800 (Singapore Standard Time)"}
